============================= test session starts ==============================
platform linux -- Python 3.11.2, pytest-7.4.3, pluggy-1.6.0 -- /home/devmahnx/Portfolio/selenium/venv/bin/python
cachedir: .pytest_cache
metadata: {'Python': '3.11.2', 'Platform': 'Linux-6.12.32-amd64-x86_64-with-glibc2.36', 'Packages': {'pytest': '7.4.3', 'pluggy': '1.6.0'}, 'Plugins': {'xdist': '3.5.0', 'metadata': '3.1.1', 'html': '4.1.1'}}
rootdir: /home/devmahnx/Portfolio/selenium
plugins: xdist-3.5.0, metadata-3.1.1, html-4.1.1
collecting ... collected 96 items

tests/test_admin_analytics.py::test_admin_analytics_page_loads PASSED    [  1%]
tests/test_admin_analytics.py::test_admin_analytics_tab_navigation PASSED [  2%]
tests/test_admin_messages.py::test_admin_messages_page_loads 
ðŸ“¸ Screenshot saved: screenshots/test_admin_messages_page_loads_20260113_154115_FAILED.png
FAILED      [  3%]
tests/test_admin_messages.py::test_admin_messages_list_and_select 
ðŸ“¸ Screenshot saved: screenshots/test_admin_messages_list_and_select_20260113_154131_FAILED.png
FAILED [  4%]
tests/test_blog.py::TestBlogPageLoad::test_blog_page_loads PASSED        [  5%]
tests/test_blog.py::TestBlogPageLoad::test_blog_grid_visible PASSED      [  6%]
tests/test_blog.py::TestBlogPostDisplay::test_blog_posts_have_metadata PASSED [  7%]
tests/test_blog.py::TestBlogPostDisplay::test_blog_posts_clickable 
ðŸ“¸ Screenshot saved: screenshots/test_blog_posts_clickable_20260113_154213_FAILED.png
FAILED [  8%]
tests/test_blog.py::TestBlogFiltering::test_blog_filter_controls_present PASSED [  9%]
tests/test_blog.py::TestBlogFiltering::test_blog_filter_functionality PASSED [ 10%]
tests/test_blog.py::TestBlogNavigation::test_blog_accessible_from_navigation PASSED [ 11%]
tests/test_blog.py::TestBlogNavigation::test_blog_no_console_errors PASSED [ 12%]
tests/test_blog.py::TestBlogResponsive::test_blog_responsive_desktop PASSED [ 13%]
tests/test_blog.py::TestBlogResponsive::test_blog_responsive_mobile PASSED [ 14%]
tests/test_case_studies.py::test_case_studies_list_and_navigate PASSED   [ 15%]
tests/test_contact.py::TestContactPageLoad::test_contact_page_loads PASSED [ 16%]
tests/test_contact.py::TestContactPageLoad::test_contact_form_visible PASSED [ 17%]
tests/test_contact.py::TestContactFormFields::test_all_form_fields_present PASSED [ 18%]
tests/test_contact.py::TestContactFormFields::test_form_fields_accept_input PASSED [ 19%]
tests/test_contact.py::TestContactMethods::test_contact_methods_sidebar_visible PASSED [ 20%]
tests/test_contact.py::TestContactMethods::test_contact_methods_available PASSED [ 21%]
tests/test_contact.py::TestContactMethods::test_email_contact_method_clickable PASSED [ 22%]
tests/test_contact.py::TestContactSubmit::test_submit_button_visible PASSED [ 23%]
tests/test_contact.py::TestContactSubmit::test_submit_button_enabled PASSED [ 25%]
tests/test_contact.py::TestContactResponsive::test_contact_layout_desktop PASSED [ 26%]
tests/test_contact.py::TestContactResponsive::test_contact_layout_mobile PASSED [ 27%]
tests/test_contact.py::TestContactPageTitle::test_page_has_title PASSED  [ 28%]
tests/test_contact.py::TestContactPageTitle::test_page_has_description PASSED [ 29%]
tests/test_contact.py::TestContactAccessibility::test_page_text_is_visible PASSED [ 30%]
tests/test_error_pages.py::test_404_page_rendered PASSED                 [ 31%]
tests/test_error_pages.py::test_500_page_rendered SKIPPED (/error ro...) [ 32%]
tests/test_opensource.py::TestOpenSourcePageLoad::test_opensource_page_loads PASSED [ 33%]
tests/test_opensource.py::TestOpenSourcePageLoad::test_opensource_container_visible PASSED [ 34%]
tests/test_opensource.py::TestOpenSourceHeader::test_header_has_title PASSED [ 35%]
tests/test_opensource.py::TestOpenSourceHeader::test_header_content_complete PASSED [ 36%]
tests/test_opensource.py::TestOpenSourceProjects::test_projects_section_visible PASSED [ 37%]
tests/test_opensource.py::TestOpenSourceProjects::test_projects_present PASSED [ 38%]
tests/test_opensource.py::TestOpenSourcePhilosophy::test_philosophy_section_visible PASSED [ 39%]
tests/test_opensource.py::TestOpenSourcePhilosophy::test_philosophy_content_present PASSED [ 40%]
tests/test_opensource.py::TestOpenSourcePhilosophy::test_philosophy_statement_present PASSED [ 41%]
tests/test_opensource.py::TestOpenSourceSections::test_all_sections_present PASSED [ 42%]
tests/test_opensource.py::TestOpenSourceSections::test_philosophy_values_present PASSED [ 43%]
tests/test_opensource.py::TestOpenSourceResponsive::test_opensource_layout_desktop PASSED [ 44%]
tests/test_opensource.py::TestOpenSourceResponsive::test_opensource_layout_mobile PASSED [ 45%]
tests/test_opensource.py::TestOpenSourceAccessibility::test_page_text_visible PASSED [ 46%]
tests/test_projects.py::TestProjectsPageLoad::test_projects_page_loads PASSED [ 47%]
tests/test_projects.py::TestProjectsPageLoad::test_projects_grid_visible PASSED [ 48%]
tests/test_projects.py::TestProjectsDisplay::test_projects_have_metadata PASSED [ 50%]
tests/test_projects.py::TestProjectsDisplay::test_project_titles_accessible PASSED [ 51%]
tests/test_projects.py::TestProjectsFiltering::test_category_filters_available PASSED [ 52%]
tests/test_projects.py::TestProjectsFiltering::test_technology_filters_available PASSED [ 53%]
tests/test_projects.py::TestProjectsFiltering::test_clear_filters_button_exists PASSED [ 54%]
tests/test_projects.py::TestProjectsSearch::test_search_input_accessible PASSED [ 55%]
tests/test_projects.py::TestProjectsSearch::test_search_accepts_input PASSED [ 56%]
tests/test_projects.py::TestProjectsNavigation::test_projects_page_accessible_from_home PASSED [ 57%]
tests/test_projects.py::TestProjectsNavigation::test_project_click_navigation PASSED [ 58%]
tests/test_projects.py::TestProjectsResponsive::test_projects_layout_desktop PASSED [ 59%]
tests/test_projects.py::TestProjectsResponsive::test_projects_layout_mobile PASSED [ 60%]
tests/test_resume.py::TestResumePageLoad::test_resume_page_loads PASSED  [ 61%]
tests/test_resume.py::TestResumePageLoad::test_resume_container_visible PASSED [ 62%]
tests/test_resume.py::TestResumeHeader::test_header_has_title PASSED     [ 63%]
tests/test_resume.py::TestResumeHeader::test_header_content_complete PASSED [ 64%]
tests/test_resume.py::TestResumeExpertise::test_expertise_section_visible PASSED [ 65%]
tests/test_resume.py::TestResumeExpertise::test_expertise_cards_present PASSED [ 66%]
tests/test_resume.py::TestResumeExperience::test_experience_section_visible PASSED [ 67%]
tests/test_resume.py::TestResumeExperience::test_experience_entries_present PASSED [ 68%]
tests/test_resume.py::TestResumeProjects::test_projects_section_visible PASSED [ 69%]
tests/test_resume.py::TestResumeProjects::test_projects_present PASSED   [ 70%]
tests/test_resume.py::TestResumeContact::test_contact_section_visible PASSED [ 71%]
tests/test_resume.py::TestResumeContact::test_github_button_visible PASSED [ 72%]
tests/test_resume.py::TestResumeDownload::test_download_button_visible PASSED [ 73%]
tests/test_resume.py::TestResumeDownload::test_all_sections_present PASSED [ 75%]
tests/test_resume.py::TestResumeResponsive::test_resume_layout_desktop PASSED [ 76%]
tests/test_resume.py::TestResumeResponsive::test_resume_layout_mobile PASSED [ 77%]
tests/test_search.py::test_search_page_loads PASSED                      [ 78%]
tests/test_search.py::test_search_interaction_and_accessibility PASSED   [ 79%]
tests/test_smoke.py::TestHomePageSmoke::test_home_page_loads PASSED      [ 80%]
tests/test_smoke.py::TestHomePageSmoke::test_hero_section_visible PASSED [ 81%]
tests/test_smoke.py::TestHomePageSmoke::test_explore_button_clickable PASSED [ 82%]
tests/test_smoke.py::TestHomePageSmoke::test_contact_button_clickable PASSED [ 83%]
tests/test_smoke.py::TestHomePageSmoke::test_no_console_errors PASSED    [ 84%]
tests/test_smoke.py::TestNavigationSmoke::test_home_to_projects_navigation PASSED [ 85%]
tests/test_smoke.py::TestNavigationSmoke::test_home_to_resume_navigation PASSED [ 86%]
tests/test_smoke.py::TestContactFormSmoke::test_contact_page_loads PASSED [ 87%]
tests/test_smoke.py::TestContactFormSmoke::test_contact_form_has_all_fields PASSED [ 88%]
tests/test_smoke.py::TestPageAccessibility::test_home_page_has_single_h1 PASSED [ 89%]
tests/test_smoke.py::TestPageAccessibility::test_navigation_structure_present PASSED [ 90%]
tests/test_smoke.py::TestSearchFunctionality::test_search_page_loads 
ðŸ“¸ Screenshot saved: screenshots/test_search_page_loads_20260113_155242_FAILED.png
FAILED [ 91%]
tests/test_smoke.py::TestSearchFunctionality::test_search_input_accepts_text PASSED [ 92%]
tests/test_static_pages.py::test_ai_page_loads PASSED                    [ 93%]
tests/test_static_pages.py::test_hardware_page_loads PASSED              [ 94%]
tests/test_static_pages.py::test_research_page_loads PASSED              [ 95%]
tests/test_static_pages.py::test_newsletter_page_loads PASSED            [ 96%]
tests/test_static_pages.py::test_3d_models_page_loads 
ðŸ“¸ Screenshot saved: screenshots/test_3d_models_page_loads_20260113_155329_FAILED.png
FAILED             [ 97%]
tests/test_static_pages.py::test_systems_page_loads PASSED               [ 98%]
tests/test_static_pages.py::test_splash_page_loads PASSED                [100%]

=================================== FAILURES ===================================
/home/devmahnx/Portfolio/selenium/venv/lib/python3.11/site-packages/selenium/webdriver/support/wait.py:101: selenium.common.exceptions.TimeoutException: Message:
/home/devmahnx/Portfolio/selenium/venv/lib/python3.11/site-packages/selenium/webdriver/support/wait.py:101: selenium.common.exceptions.TimeoutException: Message:
/home/devmahnx/Portfolio/selenium/venv/lib/python3.11/site-packages/selenium/webdriver/remote/errorhandler.py:229: selenium.common.exceptions.NoSuchElementException: Message: no such element: Unable to locate element: {"method":"tag name","selector":"a"}
/home/devmahnx/Portfolio/selenium/tests/test_smoke.py:270: AssertionError: Search input not visible
/home/devmahnx/Portfolio/selenium/tests/test_static_pages.py:46: AssertionError: 3D Models page should load
=============================== warnings summary ===============================
tests/test_blog.py:22
  /home/devmahnx/Portfolio/selenium/tests/test_blog.py:22: PytestUnknownMarkWarning: Unknown pytest.mark.smoke - is this a typo?  You can register custom marks to avoid this warning - for details, see https://docs.pytest.org/en/stable/how-to/mark.html
    @pytest.mark.smoke

tests/test_blog.py:65
  /home/devmahnx/Portfolio/selenium/tests/test_blog.py:65: PytestUnknownMarkWarning: Unknown pytest.mark.smoke - is this a typo?  You can register custom marks to avoid this warning - for details, see https://docs.pytest.org/en/stable/how-to/mark.html
    @pytest.mark.smoke

tests/test_blog.py:123
  /home/devmahnx/Portfolio/selenium/tests/test_blog.py:123: PytestUnknownMarkWarning: Unknown pytest.mark.smoke - is this a typo?  You can register custom marks to avoid this warning - for details, see https://docs.pytest.org/en/stable/how-to/mark.html
    @pytest.mark.smoke

tests/test_blog.py:182
  /home/devmahnx/Portfolio/selenium/tests/test_blog.py:182: PytestUnknownMarkWarning: Unknown pytest.mark.smoke - is this a typo?  You can register custom marks to avoid this warning - for details, see https://docs.pytest.org/en/stable/how-to/mark.html
    @pytest.mark.smoke

tests/test_blog.py:235
  /home/devmahnx/Portfolio/selenium/tests/test_blog.py:235: PytestUnknownMarkWarning: Unknown pytest.mark.smoke - is this a typo?  You can register custom marks to avoid this warning - for details, see https://docs.pytest.org/en/stable/how-to/mark.html
    @pytest.mark.smoke

tests/test_smoke.py:22
  /home/devmahnx/Portfolio/selenium/tests/test_smoke.py:22: PytestUnknownMarkWarning: Unknown pytest.mark.smoke - is this a typo?  You can register custom marks to avoid this warning - for details, see https://docs.pytest.org/en/stable/how-to/mark.html
    @pytest.mark.smoke

tests/test_smoke.py:113
  /home/devmahnx/Portfolio/selenium/tests/test_smoke.py:113: PytestUnknownMarkWarning: Unknown pytest.mark.smoke - is this a typo?  You can register custom marks to avoid this warning - for details, see https://docs.pytest.org/en/stable/how-to/mark.html
    @pytest.mark.smoke

tests/test_smoke.py:164
  /home/devmahnx/Portfolio/selenium/tests/test_smoke.py:164: PytestUnknownMarkWarning: Unknown pytest.mark.smoke - is this a typo?  You can register custom marks to avoid this warning - for details, see https://docs.pytest.org/en/stable/how-to/mark.html
    @pytest.mark.smoke

tests/test_smoke.py:212
  /home/devmahnx/Portfolio/selenium/tests/test_smoke.py:212: PytestUnknownMarkWarning: Unknown pytest.mark.smoke - is this a typo?  You can register custom marks to avoid this warning - for details, see https://docs.pytest.org/en/stable/how-to/mark.html
    @pytest.mark.smoke

tests/test_smoke.py:254
  /home/devmahnx/Portfolio/selenium/tests/test_smoke.py:254: PytestUnknownMarkWarning: Unknown pytest.mark.smoke - is this a typo?  You can register custom marks to avoid this warning - for details, see https://docs.pytest.org/en/stable/how-to/mark.html
    @pytest.mark.smoke

tests/conftest.py:56
  /home/devmahnx/Portfolio/selenium/tests/conftest.py:56: PytestUnknownMarkWarning: Unknown pytest.mark.feature - is this a typo?  You can register custom marks to avoid this warning - for details, see https://docs.pytest.org/en/stable/how-to/mark.html
    item.add_marker(pytest.mark.feature)

-- Docs: https://docs.pytest.org/en/stable/how-to/capture-warnings.html
=========================== short test summary info ============================
FAILED tests/test_admin_messages.py::test_admin_messages_page_loads - seleniu...
FAILED tests/test_admin_messages.py::test_admin_messages_list_and_select - se...
FAILED tests/test_blog.py::TestBlogPostDisplay::test_blog_posts_clickable - s...
FAILED tests/test_smoke.py::TestSearchFunctionality::test_search_page_loads
FAILED tests/test_static_pages.py::test_3d_models_page_loads - AssertionError...
======= 5 failed, 90 passed, 1 skipped, 11 warnings in 783.95s (0:13:03) =======
